<?xml version="1.0" encoding="UTF-8"?>
<coverage generated="1445294729">
  <project timestamp="1445294729">
    <package name="MOC\V\Component\Captcha">
      <file name="W:\WebProject\MOC-Framework-Mark-V/Component/Captcha/Captcha.php">
        <class name="Captcha" namespace="MOC\V\Component\Captcha" fullPackage="MOC" package="MOC">
          <metrics methods="7" coveredmethods="5" conditionals="0" coveredconditionals="0" statements="14" coveredstatements="7" elements="21" coveredelements="12"/>
        </class>
        <line num="23" type="method" name="__construct" crap="1" count="1"/>
        <line num="26" type="stmt" count="1"/>
        <line num="27" type="stmt" count="1"/>
        <line num="32" type="method" name="getCaptcha" crap="2" count="0"/>
        <line num="35" type="stmt" count="0"/>
        <line num="41" type="method" name="getSimplePhpCaptcha" crap="2" count="0"/>
        <line num="44" type="stmt" count="0"/>
        <line num="45" type="stmt" count="0"/>
        <line num="46" type="stmt" count="0"/>
        <line num="47" type="stmt" count="0"/>
        <line num="48" type="stmt" count="0"/>
        <line num="50" type="stmt" count="0"/>
        <line num="56" type="method" name="getBridgeInterface" crap="1" count="1"/>
        <line num="59" type="stmt" count="1"/>
        <line num="65" type="method" name="getVendorInterface" crap="1" count="1"/>
        <line num="68" type="stmt" count="1"/>
        <line num="76" type="method" name="setVendorInterface" crap="1" count="1"/>
        <line num="79" type="stmt" count="1"/>
        <line num="80" type="stmt" count="1"/>
        <line num="88" type="method" name="setBridgeInterface" crap="1" count="1"/>
        <line num="91" type="stmt" count="1"/>
        <metrics loc="93" ncloc="62" classes="1" methods="7" coveredmethods="5" conditionals="0" coveredconditionals="0" statements="14" coveredstatements="7" elements="21" coveredelements="12"/>
      </file>
    </package>
    <package name="MOC\V\Component\Captcha\Component\Bridge\Repository">
      <file
          name="W:\WebProject\MOC-Framework-Mark-V/Component/Captcha/Component/Bridge/Repository/SimplePhpCaptcha.php">
        <class name="SimplePhpCaptcha" namespace="MOC\V\Component\Captcha\Component\Bridge\Repository" fullPackage="MOC" package="MOC">
          <metrics methods="5" coveredmethods="5" conditionals="0" coveredconditionals="0" statements="13"
                   coveredstatements="13" elements="18" coveredelements="18"/>
        </class>
        <line num="22" type="method" name="__construct" crap="1" count="1"/>
        <line num="25" type="stmt" count="1"/>
        <line num="26" type="stmt" count="1"/>
        <line num="27" type="stmt" count="1"/>
        <line num="33" type="method" name="createCaptcha" crap="1" count="1"/>
        <line num="36" type="stmt" count="1"/>
        <line num="37" type="stmt" count="1"/>
        <line num="38" type="stmt" count="1"/>
        <line num="39" type="stmt" count="1"/>
        <line num="47" type="method" name="verifyCaptcha" crap="1" count="1"/>
        <line num="50" type="stmt" count="1"/>
        <line num="51" type="stmt" count="1"/>
        <line num="57" type="method" name="getCode" crap="1" count="1"/>
        <line num="60" type="stmt" count="1"/>
        <line num="61" type="stmt" count="1"/>
        <line num="67" type="method" name="getCaptcha" crap="1" count="1"/>
        <line num="70" type="stmt" count="1"/>
        <line num="71" type="stmt" count="1"/>
        <metrics loc="73" ncloc="49" classes="1" methods="5" coveredmethods="5" conditionals="0" coveredconditionals="0"
                 statements="13" coveredstatements="13" elements="18" coveredelements="18"/>
      </file>
    </package>
    <package name="MOC\V\Component\Captcha\Vendor">
      <file name="W:\WebProject\MOC-Framework-Mark-V/Component/Captcha/Vendor/Vendor.php">
        <class name="Vendor" namespace="MOC\V\Component\Captcha\Vendor" fullPackage="MOC" package="MOC">
          <metrics methods="3" coveredmethods="3" conditionals="0" coveredconditionals="0" statements="5" coveredstatements="5" elements="8" coveredelements="8"/>
        </class>
        <line num="21" type="method" name="__construct" crap="1" count="2"/>
        <line num="24" type="stmt" count="2"/>
        <line num="25" type="stmt" count="2"/>
        <line num="30" type="method" name="getBridgeInterface" crap="1" count="2"/>
        <line num="33" type="stmt" count="2"/>
        <line num="41" type="method" name="setBridgeInterface" crap="1" count="2"/>
        <line num="44" type="stmt" count="2"/>
        <line num="45" type="stmt" count="2"/>
        <metrics loc="47" ncloc="30" classes="1" methods="3" coveredmethods="3" conditionals="0" coveredconditionals="0" statements="5" coveredstatements="5" elements="8" coveredelements="8"/>
      </file>
    </package>
    <package name="MOC\V\Component\Database\Component\Bridge">
      <file name="W:\WebProject\MOC-Framework-Mark-V/Component/Database/Component/Bridge/Bridge.php">
        <class name="Bridge" namespace="MOC\V\Component\Database\Component\Bridge" fullPackage="MOC" package="MOC">
          <metrics methods="2" coveredmethods="2" conditionals="0" coveredconditionals="0" statements="7" coveredstatements="7" elements="9" coveredelements="9"/>
        </class>
        <line num="27" type="method" name="prepareStatement" crap="2" count="2"/>
        <line num="30" type="stmt" count="2"/>
        <line num="31" type="stmt" count="2"/>
        <line num="32" type="stmt" count="2"/>
        <line num="33" type="stmt" count="2"/>
        <line num="35" type="stmt" count="2"/>
        <line num="44" type="method" name="defineParameter" crap="1" count="2"/>
        <line num="47" type="stmt" count="2"/>
        <line num="48" type="stmt" count="2"/>
        <metrics loc="50" ncloc="30" classes="1" methods="2" coveredmethods="2" conditionals="0" coveredconditionals="0" statements="7" coveredstatements="7" elements="9" coveredelements="9"/>
      </file>
    </package>
    <package name="MOC\V\Component\Database\Component\Bridge\Repository">
      <file name="W:\WebProject\MOC-Framework-Mark-V/Component/Database/Component/Bridge/Repository/Doctrine2DBAL.php">
        <class name="Doctrine2DBAL" namespace="MOC\V\Component\Database\Component\Bridge\Repository" fullPackage="MOC" package="MOC">
          <metrics methods="6" coveredmethods="6" conditionals="0" coveredconditionals="0" statements="38"
                   coveredstatements="38" elements="44" coveredelements="44"/>
        </class>
        <line num="34" type="method" name="__construct" crap="1" count="4"/>
        <line num="37" type="stmt" count="4"/>
        <line num="38" type="stmt" count="4"/>
        <line num="39" type="stmt" count="4"/>
        <line num="40" type="stmt" count="4"/>
        <line num="41" type="stmt" count="4"/>
        <line num="56" type="method" name="registerConnection" crap="3" count="4"/>
        <line num="67" type="stmt" count="4"/>
        <line num="68" type="stmt" count="4"/>
        <line num="69" type="stmt" count="4"/>
        <line num="70" type="stmt" count="4"/>
        <line num="71" type="stmt" count="4"/>
        <line num="72" type="stmt" count="4"/>
        <line num="73" type="stmt" count="4"/>
        <line num="75" type="stmt" count="4"/>
        <line num="76" type="stmt" count="4"/>
        <line num="77" type="stmt" count="4"/>
        <line num="78" type="stmt" count="4"/>
        <line num="79" type="stmt" count="4"/>
        <line num="86" type="stmt" count="4"/>
        <line num="87" type="stmt" count="4"/>
        <line num="88" type="stmt" count="2"/>
        <line num="91" type="stmt" count="4"/>
        <line num="92" type="stmt" count="4"/>
        <line num="112" type="method" name="prepareConnection" crap="2" count="2"/>
        <line num="115" type="stmt" count="2"/>
        <line num="120" type="stmt" count="2"/>
        <line num="153" type="method" name="executeWrite" crap="1" count="2"/>
        <line num="156" type="stmt" count="2"/>
        <line num="157" type="stmt" count="2"/>
        <line num="163" type="method" name="prepareQuery" crap="2" count="2"/>
        <line num="167" type="stmt" count="2"/>
        <line num="168" type="stmt" count="2"/>
        <line num="169" type="stmt" count="2"/>
        <line num="170" type="stmt" count="2"/>
        <line num="171" type="stmt" count="2"/>
        <line num="172" type="stmt" count="2"/>
        <line num="173" type="stmt" count="2"/>
        <line num="174" type="stmt" count="2"/>
        <line num="175" type="stmt" count="2"/>
        <line num="176" type="stmt" count="2"/>
        <line num="183" type="method" name="executeRead" crap="1" count="2"/>
        <line num="186" type="stmt" count="2"/>
        <line num="187" type="stmt" count="2"/>
        <metrics loc="189" ncloc="122" classes="1" methods="6" coveredmethods="6" conditionals="0"
                 coveredconditionals="0" statements="38" coveredstatements="38" elements="44" coveredelements="44"/>
      </file>
      <file name="W:\WebProject\MOC-Framework-Mark-V/Component/Database/Component/Bridge/Repository/Doctrine2ORM.php">
        <class name="Doctrine2ORM" namespace="MOC\V\Component\Database\Component\Bridge\Repository" fullPackage="MOC" package="MOC">
          <metrics methods="1" coveredmethods="1" conditionals="0" coveredconditionals="0" statements="13" coveredstatements="13" elements="14" coveredelements="14"/>
        </class>
        <line num="18" type="method" name="__construct" crap="1" count="3"/>
        <line num="21" type="stmt" count="3"/>
        <line num="22" type="stmt" count="3"/>
        <line num="23" type="stmt" count="3"/>
        <line num="24" type="stmt" count="3"/>
        <line num="25" type="stmt" count="3"/>
        <line num="26" type="stmt" count="3"/>
        <line num="27" type="stmt" count="3"/>
        <line num="28" type="stmt" count="3"/>
        <line num="29" type="stmt" count="3"/>
        <line num="30" type="stmt" count="3"/>
        <line num="31" type="stmt" count="3"/>
        <line num="33" type="stmt" count="3"/>
        <line num="34" type="stmt" count="3"/>
        <metrics loc="36" ncloc="28" classes="1" methods="1" coveredmethods="1" conditionals="0" coveredconditionals="0" statements="13" coveredstatements="13" elements="14" coveredelements="14"/>
      </file>
    </package>
    <package name="MOC\V\Component\Database\Component\Exception">
      <file name="W:\WebProject\MOC-Framework-Mark-V/Component/Database/Component/Exception/ComponentException.php">
        <class name="ComponentException" namespace="MOC\V\Component\Database\Component\Exception" fullPackage="MOC" package="MOC">
          <metrics methods="1" coveredmethods="1" conditionals="0" coveredconditionals="0" statements="2" coveredstatements="2" elements="3" coveredelements="3"/>
        </class>
        <line num="19" type="method" name="__construct" crap="1" count="4"/>
        <line num="22" type="stmt" count="4"/>
        <line num="23" type="stmt" count="4"/>
        <metrics loc="24" ncloc="14" classes="1" methods="1" coveredmethods="1" conditionals="0" coveredconditionals="0" statements="2" coveredstatements="2" elements="3" coveredelements="3"/>
      </file>
    </package>
    <package name="MOC\V\Component\Database\Component\Exception\Repository">
      <file
          name="W:\WebProject\MOC-Framework-Mark-V/Component/Database/Component/Exception/Repository/NoConnectionException.php">
        <class name="NoConnectionException" namespace="MOC\V\Component\Database\Component\Exception\Repository" fullPackage="MOC" package="MOC">
          <metrics methods="1" coveredmethods="1" conditionals="0" coveredconditionals="0" statements="3" coveredstatements="3" elements="4" coveredelements="4"/>
        </class>
        <line num="19" type="method" name="__construct" crap="1" count="1"/>
        <line num="22" type="stmt" count="1"/>
        <line num="24" type="stmt" count="1"/>
        <line num="25" type="stmt" count="1"/>
        <metrics loc="27" ncloc="17" classes="1" methods="1" coveredmethods="1" conditionals="0" coveredconditionals="0" statements="3" coveredstatements="3" elements="4" coveredelements="4"/>
      </file>
    </package>
    <package name="MOC\V\Component\Database\Component\Parameter\Repository">
      <file
          name="W:\WebProject\MOC-Framework-Mark-V/Component/Database/Component/Parameter/Repository/DatabaseParameter.php">
        <class name="DatabaseParameter" namespace="MOC\V\Component\Database\Component\Parameter\Repository" fullPackage="MOC" package="MOC">
          <metrics methods="3" coveredmethods="3" conditionals="0" coveredconditionals="0" statements="5" coveredstatements="5" elements="8" coveredelements="8"/>
        </class>
        <line num="21" type="method" name="__construct" crap="1" count="4"/>
        <line num="24" type="stmt" count="4"/>
        <line num="25" type="stmt" count="4"/>
        <line num="30" type="method" name="getDatabase" crap="1" count="4"/>
        <line num="33" type="stmt" count="4"/>
        <line num="39" type="method" name="setDatabase" crap="1" count="4"/>
        <line num="42" type="stmt" count="4"/>
        <line num="43" type="stmt" count="4"/>
        <metrics loc="44" ncloc="29" classes="1" methods="3" coveredmethods="3" conditionals="0" coveredconditionals="0" statements="5" coveredstatements="5" elements="8" coveredelements="8"/>
      </file>
      <file
          name="W:\WebProject\MOC-Framework-Mark-V/Component/Database/Component/Parameter/Repository/DriverParameter.php">
        <class name="DriverParameter" namespace="MOC\V\Component\Database\Component\Parameter\Repository" fullPackage="MOC" package="MOC">
          <metrics methods="3" coveredmethods="3" conditionals="0" coveredconditionals="0" statements="5" coveredstatements="5" elements="8" coveredelements="8"/>
        </class>
        <line num="31" type="method" name="__construct" crap="1" count="4"/>
        <line num="34" type="stmt" count="4"/>
        <line num="35" type="stmt" count="4"/>
        <line num="40" type="method" name="getDriver" crap="1" count="4"/>
        <line num="43" type="stmt" count="4"/>
        <line num="49" type="method" name="setDriver" crap="1" count="4"/>
        <line num="52" type="stmt" count="4"/>
        <line num="53" type="stmt" count="4"/>
        <metrics loc="54" ncloc="39" classes="1" methods="3" coveredmethods="3" conditionals="0" coveredconditionals="0" statements="5" coveredstatements="5" elements="8" coveredelements="8"/>
      </file>
      <file
          name="W:\WebProject\MOC-Framework-Mark-V/Component/Database/Component/Parameter/Repository/HostParameter.php">
        <class name="HostParameter" namespace="MOC\V\Component\Database\Component\Parameter\Repository" fullPackage="MOC" package="MOC">
          <metrics methods="3" coveredmethods="3" conditionals="0" coveredconditionals="0" statements="5" coveredstatements="5" elements="8" coveredelements="8"/>
        </class>
        <line num="21" type="method" name="__construct" crap="1" count="4"/>
        <line num="24" type="stmt" count="4"/>
        <line num="25" type="stmt" count="4"/>
        <line num="30" type="method" name="getHost" crap="1" count="4"/>
        <line num="33" type="stmt" count="4"/>
        <line num="39" type="method" name="setHost" crap="1" count="4"/>
        <line num="42" type="stmt" count="4"/>
        <line num="43" type="stmt" count="4"/>
        <metrics loc="44" ncloc="29" classes="1" methods="3" coveredmethods="3" conditionals="0" coveredconditionals="0" statements="5" coveredstatements="5" elements="8" coveredelements="8"/>
      </file>
      <file
          name="W:\WebProject\MOC-Framework-Mark-V/Component/Database/Component/Parameter/Repository/PasswordParameter.php">
        <class name="PasswordParameter" namespace="MOC\V\Component\Database\Component\Parameter\Repository" fullPackage="MOC" package="MOC">
          <metrics methods="3" coveredmethods="3" conditionals="0" coveredconditionals="0" statements="5" coveredstatements="5" elements="8" coveredelements="8"/>
        </class>
        <line num="21" type="method" name="__construct" crap="1" count="4"/>
        <line num="24" type="stmt" count="4"/>
        <line num="25" type="stmt" count="4"/>
        <line num="30" type="method" name="getPassword" crap="1" count="4"/>
        <line num="33" type="stmt" count="4"/>
        <line num="39" type="method" name="setPassword" crap="1" count="4"/>
        <line num="42" type="stmt" count="4"/>
        <line num="43" type="stmt" count="4"/>
        <metrics loc="44" ncloc="29" classes="1" methods="3" coveredmethods="3" conditionals="0" coveredconditionals="0" statements="5" coveredstatements="5" elements="8" coveredelements="8"/>
      </file>
      <file
          name="W:\WebProject\MOC-Framework-Mark-V/Component/Database/Component/Parameter/Repository/PortParameter.php">
        <class name="PortParameter" namespace="MOC\V\Component\Database\Component\Parameter\Repository" fullPackage="MOC" package="MOC">
          <metrics methods="3" coveredmethods="3" conditionals="0" coveredconditionals="0" statements="5" coveredstatements="5" elements="8" coveredelements="8"/>
        </class>
        <line num="21" type="method" name="__construct" crap="1" count="4"/>
        <line num="24" type="stmt" count="4"/>
        <line num="25" type="stmt" count="4"/>
        <line num="30" type="method" name="getPort" crap="1" count="4"/>
        <line num="33" type="stmt" count="4"/>
        <line num="39" type="method" name="setPort" crap="1" count="4"/>
        <line num="42" type="stmt" count="4"/>
        <line num="43" type="stmt" count="4"/>
        <metrics loc="44" ncloc="29" classes="1" methods="3" coveredmethods="3" conditionals="0" coveredconditionals="0" statements="5" coveredstatements="5" elements="8" coveredelements="8"/>
      </file>
      <file
          name="W:\WebProject\MOC-Framework-Mark-V/Component/Database/Component/Parameter/Repository/UsernameParameter.php">
        <class name="UsernameParameter" namespace="MOC\V\Component\Database\Component\Parameter\Repository" fullPackage="MOC" package="MOC">
          <metrics methods="3" coveredmethods="3" conditionals="0" coveredconditionals="0" statements="5" coveredstatements="5" elements="8" coveredelements="8"/>
        </class>
        <line num="21" type="method" name="__construct" crap="1" count="4"/>
        <line num="24" type="stmt" count="4"/>
        <line num="25" type="stmt" count="4"/>
        <line num="30" type="method" name="getUsername" crap="1" count="4"/>
        <line num="33" type="stmt" count="4"/>
        <line num="39" type="method" name="setUsername" crap="1" count="4"/>
        <line num="42" type="stmt" count="4"/>
        <line num="43" type="stmt" count="4"/>
        <metrics loc="44" ncloc="29" classes="1" methods="3" coveredmethods="3" conditionals="0" coveredconditionals="0" statements="5" coveredstatements="5" elements="8" coveredelements="8"/>
      </file>
    </package>
    <package name="MOC\V\Component\Database">
      <file name="W:\WebProject\MOC-Framework-Mark-V/Component/Database/Database.php">
        <class name="Database" namespace="MOC\V\Component\Database" fullPackage="MOC" package="MOC">
          <metrics methods="7" coveredmethods="7" conditionals="0" coveredconditionals="0" statements="22" coveredstatements="22" elements="29" coveredelements="29"/>
        </class>
        <line num="29" type="method" name="__construct" crap="1" count="3"/>
        <line num="32" type="stmt" count="3"/>
        <line num="33" type="stmt" count="3"/>
        <line num="47" type="method" name="getDatabase" crap="1" count="1"/>
        <line num="50" type="stmt" count="1"/>
        <line num="65" type="method" name="getDoctrineDatabase" crap="1" count="2"/>
        <line num="75" type="stmt" count="2"/>
        <line num="76" type="stmt" count="2"/>
        <line num="77" type="stmt" count="2"/>
        <line num="78" type="stmt" count="2"/>
        <line num="79" type="stmt" count="2"/>
        <line num="81" type="stmt" count="2"/>
        <line num="82" type="stmt" count="2"/>
        <line num="83" type="stmt" count="2"/>
        <line num="84" type="stmt" count="2"/>
        <line num="85" type="stmt" count="2"/>
        <line num="86" type="stmt" count="2"/>
        <line num="87" type="stmt" count="2"/>
        <line num="89" type="stmt" count="2"/>
        <line num="91" type="stmt" count="2"/>
        <line num="97" type="method" name="getBridgeInterface" crap="1" count="3"/>
        <line num="100" type="stmt" count="3"/>
        <line num="106" type="method" name="getVendorInterface" crap="1" count="1"/>
        <line num="109" type="stmt" count="1"/>
        <line num="117" type="method" name="setVendorInterface" crap="1" count="3"/>
        <line num="120" type="stmt" count="3"/>
        <line num="121" type="stmt" count="3"/>
        <line num="129" type="method" name="setBridgeInterface" crap="1" count="1"/>
        <line num="132" type="stmt" count="1"/>
        <metrics loc="134" ncloc="85" classes="1" methods="7" coveredmethods="7" conditionals="0"
                 coveredconditionals="0" statements="22" coveredstatements="22" elements="29" coveredelements="29"/>
      </file>
    </package>
    <package name="MOC\V\Component\Database\Exception">
      <file name="W:\WebProject\MOC-Framework-Mark-V/Component/Database/Exception/DatabaseException.php">
        <class name="DatabaseException" namespace="MOC\V\Component\Database\Exception" fullPackage="MOC" package="MOC">
          <metrics methods="1" coveredmethods="1" conditionals="0" coveredconditionals="0" statements="2" coveredstatements="2" elements="3" coveredelements="3"/>
        </class>
        <line num="19" type="method" name="__construct" crap="1" count="4"/>
        <line num="22" type="stmt" count="4"/>
        <line num="23" type="stmt" count="4"/>
        <metrics loc="24" ncloc="14" classes="1" methods="1" coveredmethods="1" conditionals="0" coveredconditionals="0" statements="2" coveredstatements="2" elements="3" coveredelements="3"/>
      </file>
    </package>
    <package name="MOC\V\Component\Database\Vendor">
      <file name="W:\WebProject\MOC-Framework-Mark-V/Component/Database/Vendor/Vendor.php">
        <class name="Vendor" namespace="MOC\V\Component\Database\Vendor" fullPackage="MOC" package="MOC">
          <metrics methods="3" coveredmethods="3" conditionals="0" coveredconditionals="0" statements="5" coveredstatements="5" elements="8" coveredelements="8"/>
        </class>
        <line num="21" type="method" name="__construct" crap="1" count="4"/>
        <line num="24" type="stmt" count="4"/>
        <line num="25" type="stmt" count="4"/>
        <line num="30" type="method" name="getBridgeInterface" crap="1" count="4"/>
        <line num="33" type="stmt" count="4"/>
        <line num="41" type="method" name="setBridgeInterface" crap="1" count="4"/>
        <line num="44" type="stmt" count="4"/>
        <line num="45" type="stmt" count="4"/>
        <metrics loc="47" ncloc="30" classes="1" methods="3" coveredmethods="3" conditionals="0" coveredconditionals="0" statements="5" coveredstatements="5" elements="8" coveredelements="8"/>
      </file>
    </package>
    <package name="MOC\V\Component\Document\Component\Bridge">
      <file name="W:\WebProject\MOC-Framework-Mark-V/Component/Document/Component/Bridge/Bridge.php">
        <class name="Bridge" namespace="MOC\V\Component\Document\Component\Bridge" fullPackage="MOC" package="MOC">
          <metrics methods="6" coveredmethods="6" conditionals="0" coveredconditionals="0" statements="9" coveredstatements="9" elements="15" coveredelements="15"/>
        </class>
        <line num="27" type="method" name="getPaperOrientationParameter" crap="1" count="2"/>
        <line num="30" type="stmt" count="2"/>
        <line num="38" type="method" name="setPaperOrientationParameter" crap="1" count="5"/>
        <line num="41" type="stmt" count="5"/>
        <line num="42" type="stmt" count="5"/>
        <line num="48" type="method" name="getPaperSizeParameter" crap="1" count="2"/>
        <line num="51" type="stmt" count="2"/>
        <line num="59" type="method" name="setPaperSizeParameter" crap="1" count="5"/>
        <line num="62" type="stmt" count="5"/>
        <line num="63" type="stmt" count="5"/>
        <line num="69" type="method" name="getFileParameter" crap="1" count="3"/>
        <line num="72" type="stmt" count="3"/>
        <line num="80" type="method" name="setFileParameter" crap="1" count="6"/>
        <line num="83" type="stmt" count="6"/>
        <line num="84" type="stmt" count="6"/>
        <metrics loc="86" ncloc="54" classes="1" methods="6" coveredmethods="6" conditionals="0" coveredconditionals="0" statements="9" coveredstatements="9" elements="15" coveredelements="15"/>
      </file>
    </package>
    <package name="MOC\V\Component\Document\Component\Bridge\Repository">
      <file name="W:\WebProject\MOC-Framework-Mark-V/Component/Document/Component/Bridge/Repository/DomPdf.php">
        <class name="DomPdf" namespace="MOC\V\Component\Document\Component\Bridge\Repository" fullPackage="MOC" package="MOC">
          <metrics methods="7" coveredmethods="7" conditionals="0" coveredconditionals="0" statements="24" coveredstatements="24" elements="31" coveredelements="31"/>
        </class>
        <line num="25" type="method" name="__construct" crap="1" count="3"/>
        <line num="28" type="stmt" count="3"/>
        <line num="30" type="stmt" count="3"/>
        <line num="31" type="stmt" count="3"/>
        <line num="32" type="stmt" count="3"/>
        <line num="39" type="method" name="setPaperSizeParameter" crap="1" count="3"/>
        <line num="42" type="stmt" count="3"/>
        <line num="50" type="method" name="setPaperOrientationParameter" crap="1" count="3"/>
        <line num="53" type="stmt" count="3"/>
        <line num="61" type="method" name="loadFile" crap="1" count="2"/>
        <line num="64" type="stmt" count="2"/>
        <line num="65" type="stmt" count="2"/>
        <line num="73" type="method" name="setContent" crap="1" count="1"/>
        <line num="76" type="stmt" count="1"/>
        <line num="77" type="stmt" count="1"/>
        <line num="85" type="method" name="saveFile" crap="2" count="1"/>
        <line num="88" type="stmt" count="1"/>
        <line num="89" type="stmt" count="1"/>
        <line num="90" type="stmt" count="1"/>
        <line num="91" type="stmt" count="1"/>
        <line num="92" type="stmt" count="1"/>
        <line num="94" type="stmt" count="1"/>
        <line num="100" type="method" name="getContent" crap="1" count="1"/>
        <line num="103" type="stmt" count="1"/>
        <line num="104" type="stmt" count="1"/>
        <line num="105" type="stmt" count="1"/>
        <line num="106" type="stmt" count="1"/>
        <line num="107" type="stmt" count="1"/>
        <line num="108" type="stmt" count="1"/>
        <line num="109" type="stmt" count="1"/>
        <line num="110" type="stmt" count="1"/>
        <metrics loc="113" ncloc="76" classes="1" methods="7" coveredmethods="7" conditionals="0" coveredconditionals="0" statements="24" coveredstatements="24" elements="31" coveredelements="31"/>
      </file>
      <file name="W:\WebProject\MOC-Framework-Mark-V/Component/Document/Component/Bridge/Repository/MPdf.php">
        <class name="MPdf" namespace="MOC\V\Component\Document\Component\Bridge\Repository" fullPackage="MOC" package="MOC">
          <metrics methods="7" coveredmethods="5" conditionals="0" coveredconditionals="0" statements="25" coveredstatements="10" elements="32" coveredelements="15"/>
        </class>
        <line num="25" type="method" name="__construct" crap="1" count="2"/>
        <line num="28" type="stmt" count="2"/>
        <line num="30" type="stmt" count="2"/>
        <line num="31" type="stmt" count="2"/>
        <line num="32" type="stmt" count="2"/>
        <line num="39" type="method" name="setPaperSizeParameter" crap="1" count="2"/>
        <line num="42" type="stmt" count="2"/>
        <line num="50" type="method" name="setPaperOrientationParameter" crap="1" count="2"/>
        <line num="53" type="stmt" count="2"/>
        <line num="61" type="method" name="loadFile" crap="1" count="2"/>
        <line num="64" type="stmt" count="2"/>
        <line num="65" type="stmt" count="2"/>
        <line num="73" type="method" name="setContent" crap="1" count="1"/>
        <line num="76" type="stmt" count="1"/>
        <line num="77" type="stmt" count="1"/>
        <line num="85" type="method" name="saveFile" crap="6" count="0"/>
        <line num="88" type="stmt" count="0"/>
        <line num="89" type="stmt" count="0"/>
        <line num="90" type="stmt" count="0"/>
        <line num="91" type="stmt" count="0"/>
        <line num="92" type="stmt" count="0"/>
        <line num="94" type="stmt" count="0"/>
        <line num="100" type="method" name="getContent" crap="2" count="0"/>
        <line num="103" type="stmt" count="0"/>
        <line num="104" type="stmt" count="0"/>
        <line num="105" type="stmt" count="0"/>
        <line num="106" type="stmt" count="0"/>
        <line num="107" type="stmt" count="0"/>
        <line num="108" type="stmt" count="0"/>
        <line num="109" type="stmt" count="0"/>
        <line num="110" type="stmt" count="0"/>
        <line num="111" type="stmt" count="0"/>
        <metrics loc="114" ncloc="77" classes="1" methods="7" coveredmethods="5" conditionals="0" coveredconditionals="0" statements="25" coveredstatements="10" elements="32" coveredelements="15"/>
      </file>
      <file name="W:\WebProject\MOC-Framework-Mark-V/Component/Document/Component/Bridge/Repository/PhpExcel.php">
        <class name="PhpExcel" namespace="MOC\V\Component\Document\Component\Bridge\Repository" fullPackage="MOC" package="MOC">
          <metrics methods="6" coveredmethods="4" conditionals="0" coveredconditionals="0" statements="18"
                   coveredstatements="14" elements="24" coveredelements="18"/>
        </class>
        <line num="18" type="method" name="__construct" crap="1" count="3"/>
        <line num="21" type="stmt" count="3"/>
        <line num="22" type="stmt" count="3"/>
        <line num="30" type="method" name="getCell" crap="2" count="1"/>
        <line num="33" type="stmt" count="1"/>
        <line num="34" type="stmt" count="1"/>
        <line num="35" type="stmt" count="1"/>
        <line num="36" type="stmt" count="1"/>
        <line num="37" type="stmt" count="1"/>
        <line num="38" type="stmt" count="1"/>
        <line num="40" type="stmt" count="1"/>
        <line num="49" type="method" name="setValue" crap="1" count="1"/>
        <line num="52" type="stmt" count="1"/>
        <line num="53" type="stmt" count="1"/>
        <line num="54" type="stmt" count="1"/>
        <line num="62" type="method" name="getValue" crap="1" count="1"/>
        <line num="65" type="stmt" count="1"/>
        <line num="66" type="stmt" count="1"/>
        <line num="72" type="method" name="getSheetColumnCount" crap="2" count="0"/>
        <line num="75" type="stmt" count="0"/>
        <line num="76" type="stmt" count="0"/>
        <line num="77" type="stmt" count="0"/>
        <line num="83" type="method" name="getSheetRowCount" crap="2" count="0"/>
        <line num="86" type="stmt" count="0"/>
        <metrics loc="88" ncloc="57" classes="1" methods="6" coveredmethods="4" conditionals="0" coveredconditionals="0"
                 statements="18" coveredstatements="14" elements="24" coveredelements="18"/>
      </file>
    </package>
    <package name="MOC\V\Component\Document\Component\Bridge\Repository\PhpExcel">
      <file name="W:\WebProject\MOC-Framework-Mark-V/Component/Document/Component/Bridge/Repository/PhpExcel/Cell.php">
        <class name="Cell" namespace="MOC\V\Component\Document\Component\Bridge\Repository\PhpExcel" fullPackage="MOC"
               package="MOC">
          <metrics methods="3" coveredmethods="3" conditionals="0" coveredconditionals="0" statements="5"
                   coveredstatements="5" elements="8" coveredelements="8"/>
        </class>
        <line num="21" type="method" name="__construct" crap="1" count="1"/>
        <line num="24" type="stmt" count="1"/>
        <line num="25" type="stmt" count="1"/>
        <line num="26" type="stmt" count="1"/>
        <line num="31" type="method" name="getColumn" crap="1" count="1"/>
        <line num="34" type="stmt" count="1"/>
        <line num="40" type="method" name="getRow" crap="1" count="1"/>
        <line num="43" type="stmt" count="1"/>
        <metrics loc="45" ncloc="28" classes="1" methods="3" coveredmethods="3" conditionals="0" coveredconditionals="0"
                 statements="5" coveredstatements="5" elements="8" coveredelements="8"/>
      </file>
      <file
          name="W:\WebProject\MOC-Framework-Mark-V/Component/Document/Component/Bridge/Repository/PhpExcel/Config.php">
        <class name="Config" namespace="MOC\V\Component\Document\Component\Bridge\Repository\PhpExcel" fullPackage="MOC"
               package="MOC">
          <metrics methods="4" coveredmethods="2" conditionals="0" coveredconditionals="0" statements="20"
                   coveredstatements="17" elements="24" coveredelements="19"/>
        </class>
        <line num="24" type="method" name="createAdvancedValueBinder" crap="2" count="0"/>
        <line num="27" type="stmt" count="0"/>
        <line num="35" type="method" name="setPaperOrientationParameter" crap="1" count="1"/>
        <line num="38" type="stmt" count="1"/>
        <line num="39" type="stmt" count="1"/>
        <line num="40" type="stmt" count="1"/>
        <line num="41" type="stmt" count="1"/>
        <line num="42" type="stmt" count="1"/>
        <line num="43" type="stmt" count="1"/>
        <line num="51" type="method" name="setPaperSizeParameter" crap="1" count="1"/>
        <line num="54" type="stmt" count="1"/>
        <line num="55" type="stmt" count="1"/>
        <line num="56" type="stmt" count="1"/>
        <line num="57" type="stmt" count="1"/>
        <line num="58" type="stmt" count="1"/>
        <line num="59" type="stmt" count="1"/>
        <line num="65" type="method" name="setConfiguration" crap="2.09" count="3"/>
        <line num="68" type="stmt" count="3"/>
        <line num="69" type="stmt" count="3"/>
        <line num="70" type="stmt" count="3"/>
        <line num="71" type="stmt" count="3"/>
        <line num="72" type="stmt" count="0"/>
        <line num="73" type="stmt" count="0"/>
        <line num="74" type="stmt" count="3"/>
        <metrics loc="75" ncloc="53" classes="1" methods="4" coveredmethods="2" conditionals="0" coveredconditionals="0"
                 statements="20" coveredstatements="17" elements="24" coveredelements="19"/>
      </file>
      <file name="W:\WebProject\MOC-Framework-Mark-V/Component/Document/Component/Bridge/Repository/PhpExcel/File.php">
        <class name="File" namespace="MOC\V\Component\Document\Component\Bridge\Repository\PhpExcel" fullPackage="MOC"
               package="MOC">
          <metrics methods="7" coveredmethods="6" conditionals="0" coveredconditionals="0" statements="100"
                   coveredstatements="99" elements="107" coveredelements="105"/>
        </class>
        <line num="22" type="method" name="newFile" crap="1" count="3"/>
        <line num="25" type="stmt" count="3"/>
        <line num="26" type="stmt" count="3"/>
        <line num="27" type="stmt" count="3"/>
        <line num="28" type="stmt" count="3"/>
        <line num="39" type="method" name="loadFile" crap="4" count="2"/>
        <line num="42" type="stmt" count="2"/>
        <line num="43" type="stmt" count="2"/>
        <line num="45" type="stmt" count="2"/>
        <line num="46" type="stmt" count="2"/>
        <line num="48" type="stmt" count="2"/>
        <line num="50" type="stmt" count="2"/>
        <line num="54" type="stmt" count="2"/>
        <line num="55" type="stmt" count="1"/>
        <line num="56" type="stmt" count="1"/>
        <line num="57" type="stmt" count="1"/>
        <line num="58" type="stmt" count="1"/>
        <line num="59" type="stmt" count="1"/>
        <line num="60" type="stmt" count="2"/>
        <line num="61" type="stmt" count="2"/>
        <line num="62" type="stmt" count="1"/>
        <line num="64" type="stmt" count="2"/>
        <line num="71" type="method" name="getReaderType" crap="16" count="2"/>
        <line num="73" type="stmt" count="2"/>
        <line num="74" type="stmt" count="2"/>
        <line num="75" type="stmt" count="2"/>
        <line num="76" type="stmt" count="2"/>
        <line num="77" type="stmt" count="2"/>
        <line num="78" type="stmt" count="1"/>
        <line num="79" type="stmt" count="1"/>
        <line num="80" type="stmt" count="2"/>
        <line num="81" type="stmt" count="2"/>
        <line num="82" type="stmt" count="2"/>
        <line num="83" type="stmt" count="2"/>
        <line num="99" type="stmt" count="1"/>
        <line num="100" type="stmt" count="1"/>
        <line num="101" type="stmt" count="1"/>
        <line num="102" type="stmt" count="1"/>
        <line num="103" type="stmt" count="1"/>
        <line num="104" type="stmt" count="1"/>
        <line num="105" type="stmt" count="1"/>
        <line num="106" type="stmt" count="1"/>
        <line num="107" type="stmt" count="1"/>
        <line num="108" type="stmt" count="1"/>
        <line num="109" type="stmt" count="1"/>
        <line num="110" type="stmt" count="2"/>
        <line num="111" type="stmt" count="2"/>
        <line num="117" type="method" name="getDelimiterType" crap="7" count="1"/>
        <line num="120" type="stmt" count="1"/>
        <line num="121" type="stmt" count="1"/>
        <line num="123" type="stmt" count="1"/>
        <line num="124" type="stmt" count="1"/>
        <line num="125" type="stmt" count="1"/>
        <line num="126" type="stmt" count="1"/>
        <line num="127" type="stmt" count="1"/>
        <line num="128" type="stmt" count="1"/>
        <line num="129" type="stmt" count="1"/>
        <line num="130" type="stmt" count="1"/>
        <line num="131" type="stmt" count="1"/>
        <line num="132" type="stmt" count="1"/>
        <line num="133" type="method" name="anonymous function" crap="3.01" count="1"/>
        <line num="134" type="stmt" count="1"/>
        <line num="135" type="stmt" count="1"/>
        <line num="136" type="stmt" count="1"/>
        <line num="137" type="stmt" count="1"/>
        <line num="138" type="stmt" count="1"/>
        <line num="139" type="stmt" count="1"/>
        <line num="140" type="stmt" count="1"/>
        <line num="141" type="stmt" count="0"/>
        <line num="144" type="stmt" count="1"/>
        <line num="145" type="stmt" count="1"/>
        <line num="146" type="stmt" count="1"/>
        <line num="147" type="stmt" count="1"/>
        <line num="149" type="stmt" count="0"/>
        <line num="160" type="method" name="saveFile" crap="4" count="2"/>
        <line num="161" type="stmt" count="1"/>
        <line num="163" type="stmt" count="2"/>
        <line num="164" type="stmt" count="2"/>
        <line num="165" type="stmt" count="2"/>
        <line num="166" type="stmt" count="1"/>
        <line num="169" type="stmt" count="2"/>
        <line num="171" type="stmt" count="2"/>
        <line num="172" type="stmt" count="2"/>
        <line num="173" type="stmt" count="2"/>
        <line num="174" type="stmt" count="1"/>
        <line num="177" type="stmt" count="2"/>
        <line num="178" type="stmt" count="2"/>
        <line num="179" type="stmt" count="2"/>
        <line num="180" type="stmt" count="2"/>
        <line num="186" type="stmt" count="2"/>
        <line num="193" type="method" name="getWriterType" crap="10" count="2"/>
        <line num="195" type="stmt" count="2"/>
        <line num="196" type="stmt" count="2"/>
        <line num="197" type="stmt" count="2"/>
        <line num="198" type="stmt" count="2"/>
        <line num="199" type="stmt" count="2"/>
        <line num="200" type="stmt" count="1"/>
        <line num="201" type="stmt" count="1"/>
        <line num="202" type="stmt" count="2"/>
        <line num="203" type="stmt" count="2"/>
        <line num="204" type="stmt" count="2"/>
        <line num="205" type="stmt" count="2"/>
        <line num="206" type="stmt" count="1"/>
        <line num="207" type="stmt" count="1"/>
        <line num="208" type="stmt" count="1"/>
        <line num="209" type="stmt" count="1"/>
        <line num="210" type="stmt" count="1"/>
        <line num="211" type="stmt" count="1"/>
        <line num="212" type="stmt" count="1"/>
        <line num="218" type="stmt" count="2"/>
        <line num="219" type="stmt" count="2"/>
        <metrics loc="221" ncloc="168" classes="1" methods="7" coveredmethods="6" conditionals="0"
                 coveredconditionals="0" statements="104" coveredstatements="102" elements="111" coveredelements="108"/>
      </file>
    </package>
    <package name="MOC\V\Component\Document\Component\Exception">
      <file name="W:\WebProject\MOC-Framework-Mark-V/Component/Document/Component/Exception/ComponentException.php">
        <class name="ComponentException" namespace="MOC\V\Component\Document\Component\Exception" fullPackage="MOC" package="MOC">
          <metrics methods="1" coveredmethods="1" conditionals="0" coveredconditionals="0" statements="2" coveredstatements="2" elements="3" coveredelements="3"/>
        </class>
        <line num="19" type="method" name="__construct" crap="1" count="5"/>
        <line num="22" type="stmt" count="5"/>
        <line num="23" type="stmt" count="5"/>
        <metrics loc="24" ncloc="14" classes="1" methods="1" coveredmethods="1" conditionals="0" coveredconditionals="0" statements="2" coveredstatements="2" elements="3" coveredelements="3"/>
      </file>
    </package>
    <package name="MOC\V\Component\Document\Component\Exception\Repository">
      <file
          name="W:\WebProject\MOC-Framework-Mark-V/Component/Document/Component/Exception/Repository/EmptyFileException.php">
        <class name="EmptyFileException" namespace="MOC\V\Component\Document\Component\Exception\Repository" fullPackage="MOC" package="MOC">
          <metrics methods="1" coveredmethods="1" conditionals="0" coveredconditionals="0" statements="3" coveredstatements="3" elements="4" coveredelements="4"/>
        </class>
        <line num="19" type="method" name="__construct" crap="1" count="1"/>
        <line num="22" type="stmt" count="1"/>
        <line num="24" type="stmt" count="1"/>
        <line num="25" type="stmt" count="1"/>
        <metrics loc="27" ncloc="17" classes="1" methods="1" coveredmethods="1" conditionals="0" coveredconditionals="0" statements="3" coveredstatements="3" elements="4" coveredelements="4"/>
      </file>
      <file
          name="W:\WebProject\MOC-Framework-Mark-V/Component/Document/Component/Exception/Repository/TypeFileException.php">
        <class name="TypeFileException" namespace="MOC\V\Component\Document\Component\Exception\Repository" fullPackage="MOC" package="MOC">
          <metrics methods="1" coveredmethods="1" conditionals="0" coveredconditionals="0" statements="2" coveredstatements="2" elements="3" coveredelements="3"/>
        </class>
        <line num="19" type="method" name="__construct" crap="1" count="2"/>
        <line num="22" type="stmt" count="2"/>
        <line num="23" type="stmt" count="2"/>
        <metrics loc="25" ncloc="15" classes="1" methods="1" coveredmethods="1" conditionals="0" coveredconditionals="0" statements="2" coveredstatements="2" elements="3" coveredelements="3"/>
      </file>
    </package>
    <package name="MOC\V\Component\Document\Component\Parameter\Repository">
      <file
          name="W:\WebProject\MOC-Framework-Mark-V/Component/Document/Component/Parameter/Repository/FileParameter.php">
        <class name="FileParameter" namespace="MOC\V\Component\Document\Component\Parameter\Repository" fullPackage="MOC" package="MOC">
          <metrics methods="5" coveredmethods="5" conditionals="0" coveredconditionals="0" statements="12" coveredstatements="12" elements="17" coveredelements="17"/>
        </class>
        <line num="23" type="method" name="__construct" crap="1" count="7"/>
        <line num="26" type="stmt" count="7"/>
        <line num="27" type="stmt" count="7"/>
        <line num="32" type="method" name="getFileInfo" crap="1" count="2"/>
        <line num="35" type="stmt" count="2"/>
        <line num="41" type="method" name="getFile" crap="1" count="6"/>
        <line num="44" type="stmt" count="6"/>
        <line num="53" type="method" name="setFile" crap="3" count="7"/>
        <line num="56" type="stmt" count="7"/>
        <line num="57" type="stmt" count="1"/>
        <line num="59" type="stmt" count="7"/>
        <line num="60" type="stmt" count="7"/>
        <line num="61" type="stmt" count="7"/>
        <line num="62" type="stmt" count="1"/>
        <line num="65" type="stmt" count="7"/>
        <line num="70" type="method" name="__toString" crap="1" count="4"/>
        <line num="73" type="stmt" count="4"/>
        <metrics loc="75" ncloc="51" classes="1" methods="5" coveredmethods="5" conditionals="0" coveredconditionals="0" statements="12" coveredstatements="12" elements="17" coveredelements="17"/>
      </file>
      <file
          name="W:\WebProject\MOC-Framework-Mark-V/Component/Document/Component/Parameter/Repository/PaperOrientationParameter.php">
        <class name="PaperOrientationParameter" namespace="MOC\V\Component\Document\Component\Parameter\Repository" fullPackage="MOC" package="MOC">
          <metrics methods="4" coveredmethods="4" conditionals="0" coveredconditionals="0" statements="12" coveredstatements="12" elements="16" coveredelements="16"/>
        </class>
        <line num="23" type="method" name="__construct" crap="1" count="6"/>
        <line num="26" type="stmt" count="6"/>
        <line num="27" type="stmt" count="6"/>
        <line num="32" type="method" name="__toString" crap="1" count="1"/>
        <line num="35" type="stmt" count="1"/>
        <line num="41" type="method" name="getOrientation" crap="1" count="3"/>
        <line num="44" type="stmt" count="3"/>
        <line num="53" type="method" name="setOrientation" crap="3" count="6"/>
        <line num="56" type="stmt" count="6"/>
        <line num="57" type="stmt" count="6"/>
        <line num="58" type="stmt" count="6"/>
        <line num="59" type="stmt" count="6"/>
        <line num="60" type="stmt" count="6"/>
        <line num="62" type="stmt" count="1"/>
        <line num="63" type="stmt" count="1"/>
        <line num="64" type="stmt" count="1"/>
        <metrics loc="67" ncloc="46" classes="1" methods="4" coveredmethods="4" conditionals="0" coveredconditionals="0" statements="12" coveredstatements="12" elements="16" coveredelements="16"/>
      </file>
      <file
          name="W:\WebProject\MOC-Framework-Mark-V/Component/Document/Component/Parameter/Repository/PaperSizeParameter.php">
        <class name="PaperSizeParameter" namespace="MOC\V\Component\Document\Component\Parameter\Repository" fullPackage="MOC" package="MOC">
          <metrics methods="4" coveredmethods="4" conditionals="0" coveredconditionals="0" statements="10" coveredstatements="10" elements="14" coveredelements="14"/>
        </class>
        <line num="23" type="method" name="__construct" crap="1" count="6"/>
        <line num="26" type="stmt" count="6"/>
        <line num="27" type="stmt" count="6"/>
        <line num="32" type="method" name="__toString" crap="1" count="1"/>
        <line num="35" type="stmt" count="1"/>
        <line num="41" type="method" name="getSize" crap="1" count="3"/>
        <line num="44" type="stmt" count="3"/>
        <line num="53" type="method" name="setSize" crap="2" count="6"/>
        <line num="57" type="stmt" count="6"/>
        <line num="58" type="stmt" count="6"/>
        <line num="59" type="stmt" count="6"/>
        <line num="61" type="stmt" count="1"/>
        <line num="62" type="stmt" count="1"/>
        <line num="63" type="stmt" count="1"/>
        <metrics loc="66" ncloc="45" classes="1" methods="4" coveredmethods="4" conditionals="0" coveredconditionals="0" statements="10" coveredstatements="10" elements="14" coveredelements="14"/>
      </file>
    </package>
    <package name="MOC\V\Component\Document">
      <file name="W:\WebProject\MOC-Framework-Mark-V/Component/Document/Document.php">
        <class name="Document" namespace="MOC\V\Component\Document" fullPackage="MOC" package="MOC">
          <metrics methods="9" coveredmethods="9" conditionals="0" coveredconditionals="0" statements="47" coveredstatements="47" elements="56" coveredelements="56"/>
        </class>
        <line num="27" type="method" name="__construct" crap="1" count="4"/>
        <line num="30" type="stmt" count="4"/>
        <line num="31" type="stmt" count="4"/>
        <line num="39" type="method" name="getDocument" crap="5" count="1"/>
        <line num="42" type="stmt" count="1"/>
        <line num="43" type="stmt" count="1"/>
        <line num="44" type="stmt" count="1"/>
        <line num="45" type="stmt" count="1"/>
        <line num="47" type="stmt" count="1"/>
        <line num="48" type="stmt" count="1"/>
        <line num="49" type="stmt" count="1"/>
        <line num="50" type="stmt" count="1"/>
        <line num="52" type="stmt" count="1"/>
        <line num="53" type="stmt" count="1"/>
        <line num="54" type="stmt" count="1"/>
        <line num="62" type="method" name="getPdfDocument" crap="2" count="2"/>
        <line num="65" type="stmt" count="2"/>
        <line num="66" type="stmt" count="2"/>
        <line num="67" type="stmt" count="2"/>
        <line num="68" type="stmt" count="2"/>
        <line num="69" type="stmt" count="2"/>
        <line num="71" type="stmt" count="2"/>
        <line num="72" type="stmt" count="1"/>
        <line num="73" type="stmt" count="1"/>
        <line num="75" type="stmt" count="2"/>
        <line num="81" type="method" name="getBridgeInterface" crap="1" count="4"/>
        <line num="84" type="stmt" count="4"/>
        <line num="92" type="method" name="getExcelDocument" crap="2" count="2"/>
        <line num="95" type="stmt" count="2"/>
        <line num="96" type="stmt" count="2"/>
        <line num="97" type="stmt" count="2"/>
        <line num="98" type="stmt" count="2"/>
        <line num="99" type="stmt" count="2"/>
        <line num="101" type="stmt" count="2"/>
        <line num="102" type="stmt" count="2"/>
        <line num="103" type="stmt" count="1"/>
        <line num="104" type="stmt" count="1"/>
        <line num="105" type="stmt" count="2"/>
        <line num="108" type="stmt" count="2"/>
        <line num="116" type="method" name="getPdfCreator" crap="2" count="1"/>
        <line num="119" type="stmt" count="1"/>
        <line num="120" type="stmt" count="1"/>
        <line num="121" type="stmt" count="1"/>
        <line num="122" type="stmt" count="1"/>
        <line num="123" type="stmt" count="1"/>
        <line num="125" type="stmt" count="1"/>
        <line num="126" type="stmt" count="1"/>
        <line num="127" type="stmt" count="1"/>
        <line num="129" type="stmt" count="1"/>
        <line num="135" type="method" name="getVendorInterface" crap="1" count="1"/>
        <line num="138" type="stmt" count="1"/>
        <line num="146" type="method" name="setVendorInterface" crap="1" count="4"/>
        <line num="149" type="stmt" count="4"/>
        <line num="150" type="stmt" count="4"/>
        <line num="158" type="method" name="setBridgeInterface" crap="1" count="1"/>
        <line num="161" type="stmt" count="1"/>
        <metrics loc="163" ncloc="116" classes="1" methods="9" coveredmethods="9" conditionals="0" coveredconditionals="0" statements="47" coveredstatements="47" elements="56" coveredelements="56"/>
      </file>
    </package>
    <package name="MOC\V\Component\Document\Exception">
      <file name="W:\WebProject\MOC-Framework-Mark-V/Component/Document/Exception/DocumentException.php">
        <class name="DocumentException" namespace="MOC\V\Component\Document\Exception" fullPackage="MOC" package="MOC">
          <metrics methods="1" coveredmethods="1" conditionals="0" coveredconditionals="0" statements="2" coveredstatements="2" elements="3" coveredelements="3"/>
        </class>
        <line num="19" type="method" name="__construct" crap="1" count="2"/>
        <line num="22" type="stmt" count="2"/>
        <line num="23" type="stmt" count="2"/>
        <metrics loc="24" ncloc="14" classes="1" methods="1" coveredmethods="1" conditionals="0" coveredconditionals="0" statements="2" coveredstatements="2" elements="3" coveredelements="3"/>
      </file>
      <file name="W:\WebProject\MOC-Framework-Mark-V/Component/Document/Exception/DocumentTypeException.php">
        <class name="DocumentTypeException" namespace="MOC\V\Component\Document\Exception" fullPackage="MOC" package="MOC">
          <metrics methods="1" coveredmethods="1" conditionals="0" coveredconditionals="0" statements="3" coveredstatements="3" elements="4" coveredelements="4"/>
        </class>
        <line num="17" type="method" name="__construct" crap="1" count="1"/>
        <line num="20" type="stmt" count="1"/>
        <line num="22" type="stmt" count="1"/>
        <line num="23" type="stmt" count="1"/>
        <metrics loc="24" ncloc="14" classes="1" methods="1" coveredmethods="1" conditionals="0" coveredconditionals="0" statements="3" coveredstatements="3" elements="4" coveredelements="4"/>
      </file>
    </package>
    <package name="MOC\V\Component\Document\Vendor">
      <file name="W:\WebProject\MOC-Framework-Mark-V/Component/Document/Vendor/Vendor.php">
        <class name="Vendor" namespace="MOC\V\Component\Document\Vendor" fullPackage="MOC" package="MOC">
          <metrics methods="3" coveredmethods="3" conditionals="0" coveredconditionals="0" statements="5" coveredstatements="5" elements="8" coveredelements="8"/>
        </class>
        <line num="21" type="method" name="__construct" crap="1" count="5"/>
        <line num="24" type="stmt" count="5"/>
        <line num="25" type="stmt" count="5"/>
        <line num="30" type="method" name="getBridgeInterface" crap="1" count="5"/>
        <line num="33" type="stmt" count="5"/>
        <line num="41" type="method" name="setBridgeInterface" crap="1" count="5"/>
        <line num="44" type="stmt" count="5"/>
        <line num="45" type="stmt" count="5"/>
        <metrics loc="47" ncloc="30" classes="1" methods="3" coveredmethods="3" conditionals="0" coveredconditionals="0" statements="5" coveredstatements="5" elements="8" coveredelements="8"/>
      </file>
    </package>
    <package name="MOC\V\Component\Documentation\Component\Bridge\Repository">
      <file name="W:\WebProject\MOC-Framework-Mark-V/Component/Documentation/Component/Bridge/Repository/ApiGen.php">
        <class name="ApiGen" namespace="MOC\V\Component\Documentation\Component\Bridge\Repository" fullPackage="MOC" package="MOC">
          <metrics methods="1" coveredmethods="0" conditionals="0" coveredconditionals="0" statements="29"
                   coveredstatements="0" elements="30" coveredelements="0"/>
        </class>
        <line num="40" type="method" name="__construct" crap="2" count="0"/>
        <line num="41" type="stmt" count="0"/>
        <line num="42" type="stmt" count="0"/>
        <line num="43" type="stmt" count="0"/>
        <line num="44" type="stmt" count="0"/>
        <line num="45" type="stmt" count="0"/>
        <line num="46" type="stmt" count="0"/>
        <line num="48" type="stmt" count="0"/>
        <line num="49" type="stmt" count="0"/>
        <line num="50" type="stmt" count="0"/>
        <line num="52" type="stmt" count="0"/>
        <line num="53" type="stmt" count="0"/>
        <line num="54" type="stmt" count="0"/>
        <line num="55" type="stmt" count="0"/>
        <line num="56" type="stmt" count="0"/>
        <line num="58" type="stmt" count="0"/>
        <line num="59" type="stmt" count="0"/>
        <line num="61" type="stmt" count="0"/>
        <line num="62" type="stmt" count="0"/>
        <line num="64" type="stmt" count="0"/>
        <line num="65" type="stmt" count="0"/>
        <line num="67" type="stmt" count="0"/>
        <line num="68" type="stmt" count="0"/>
        <line num="69" type="stmt" count="0"/>
        <line num="70" type="stmt" count="0"/>
        <line num="71" type="stmt" count="0"/>
        <line num="72" type="stmt" count="0"/>
        <line num="73" type="stmt" count="0"/>
        <line num="75" type="stmt" count="0"/>
        <line num="76" type="stmt" count="0"/>
        <metrics loc="156" ncloc="60" classes="1" methods="1" coveredmethods="0" conditionals="0"
                 coveredconditionals="0" statements="29" coveredstatements="0" elements="30" coveredelements="0"/>
      </file>
    </package>
    <package name="MOC\V\Component\Documentation\Component\Exception">
      <file
          name="W:\WebProject\MOC-Framework-Mark-V/Component/Documentation/Component/Exception/ComponentException.php">
        <class name="ComponentException" namespace="MOC\V\Component\Documentation\Component\Exception" fullPackage="MOC" package="MOC">
          <metrics methods="1" coveredmethods="1" conditionals="0" coveredconditionals="0" statements="2"
                   coveredstatements="2" elements="3" coveredelements="3"/>
        </class>
        <line num="19" type="method" name="__construct" crap="1" count="2"/>
        <line num="22" type="stmt" count="2"/>
        <line num="23" type="stmt" count="2"/>
        <metrics loc="24" ncloc="14" classes="1" methods="1" coveredmethods="1" conditionals="0" coveredconditionals="0"
                 statements="2" coveredstatements="2" elements="3" coveredelements="3"/>
      </file>
    </package>
    <package name="MOC\V\Component\Documentation\Component\Exception\Repository">
      <file
          name="W:\WebProject\MOC-Framework-Mark-V/Component/Documentation/Component/Exception/Repository/EmptyDirectoryException.php">
        <class name="EmptyDirectoryException" namespace="MOC\V\Component\Documentation\Component\Exception\Repository" fullPackage="MOC" package="MOC">
          <metrics methods="1" coveredmethods="1" conditionals="0" coveredconditionals="0" statements="3"
                   coveredstatements="3" elements="4" coveredelements="4"/>
        </class>
        <line num="19" type="method" name="__construct" crap="1" count="2"/>
        <line num="22" type="stmt" count="2"/>
        <line num="24" type="stmt" count="2"/>
        <line num="25" type="stmt" count="2"/>
        <metrics loc="27" ncloc="17" classes="1" methods="1" coveredmethods="1" conditionals="0" coveredconditionals="0"
                 statements="3" coveredstatements="3" elements="4" coveredelements="4"/>
      </file>
      <file
          name="W:\WebProject\MOC-Framework-Mark-V/Component/Documentation/Component/Exception/Repository/TypeDirectoryException.php">
        <class name="TypeDirectoryException" namespace="MOC\V\Component\Documentation\Component\Exception\Repository" fullPackage="MOC" package="MOC">
          <metrics methods="1" coveredmethods="1" conditionals="0" coveredconditionals="0" statements="3"
                   coveredstatements="3" elements="4" coveredelements="4"/>
        </class>
        <line num="19" type="method" name="__construct" crap="1" count="2"/>
        <line num="22" type="stmt" count="2"/>
        <line num="24" type="stmt" count="2"/>
        <line num="25" type="stmt" count="2"/>
        <metrics loc="27" ncloc="17" classes="1" methods="1" coveredmethods="1" conditionals="0" coveredconditionals="0"
                 statements="3" coveredstatements="3" elements="4" coveredelements="4"/>
      </file>
    </package>
    <package name="MOC\V\Component\Documentation\Component\Parameter\Repository">
      <file
          name="W:\WebProject\MOC-Framework-Mark-V/Component/Documentation/Component/Parameter/Repository/DirectoryParameter.php">
        <class name="DirectoryParameter" namespace="MOC\V\Component\Documentation\Component\Parameter\Repository" fullPackage="MOC" package="MOC">
          <metrics methods="3" coveredmethods="3" conditionals="0" coveredconditionals="0" statements="10"
                   coveredstatements="10" elements="13" coveredelements="13"/>
        </class>
        <line num="23" type="method" name="__construct" crap="1" count="1"/>
        <line num="26" type="stmt" count="1"/>
        <line num="27" type="stmt" count="1"/>
        <line num="32" type="method" name="getDirectory" crap="1" count="1"/>
        <line num="35" type="stmt" count="1"/>
        <line num="44" type="method" name="setDirectory" crap="3" count="1"/>
        <line num="47" type="stmt" count="1"/>
        <line num="48" type="stmt" count="1"/>
        <line num="50" type="stmt" count="1"/>
        <line num="51" type="stmt" count="1"/>
        <line num="52" type="stmt" count="1"/>
        <line num="53" type="stmt" count="1"/>
        <line num="56" type="stmt" count="1"/>
        <metrics loc="58" ncloc="40" classes="1" methods="3" coveredmethods="3" conditionals="0" coveredconditionals="0"
                 statements="10" coveredstatements="10" elements="13" coveredelements="13"/>
      </file>
      <file
          name="W:\WebProject\MOC-Framework-Mark-V/Component/Documentation/Component/Parameter/Repository/ExcludeParameter.php">
        <class name="ExcludeParameter" namespace="MOC\V\Component\Documentation\Component\Parameter\Repository" fullPackage="MOC" package="MOC">
          <metrics methods="3" coveredmethods="3" conditionals="0" coveredconditionals="0" statements="5"
                   coveredstatements="5" elements="8" coveredelements="8"/>
        </class>
        <line num="18" type="method" name="__construct" crap="1" count="1"/>
        <line num="21" type="stmt" count="1"/>
        <line num="22" type="stmt" count="1"/>
        <line num="27" type="method" name="getGlobList" crap="1" count="1"/>
        <line num="30" type="stmt" count="1"/>
        <line num="36" type="method" name="setGlobList" crap="1" count="1"/>
        <line num="39" type="stmt" count="1"/>
        <line num="40" type="stmt" count="1"/>
        <metrics loc="41" ncloc="26" classes="1" methods="3" coveredmethods="3" conditionals="0" coveredconditionals="0"
                 statements="5" coveredstatements="5" elements="8" coveredelements="8"/>
      </file>
    </package>
    <package name="MOC\V\Component\Documentation">
      <file name="W:\WebProject\MOC-Framework-Mark-V/Component/Documentation/Documentation.php">
        <class name="Documentation" namespace="MOC\V\Component\Documentation" fullPackage="MOC" package="MOC">
          <metrics methods="7" coveredmethods="0" conditionals="0" coveredconditionals="0" statements="32" coveredstatements="0" elements="39" coveredelements="0"/>
        </class>
        <line num="24" type="method" name="__construct" crap="2" count="0"/>
        <line num="25" type="stmt" count="0"/>
        <line num="27" type="stmt" count="0"/>
        <line num="28" type="stmt" count="0"/>
        <line num="39" type="method" name="getDocumentation" crap="2" count="0"/>
        <line num="40" type="stmt" count="0"/>
        <line num="41" type="stmt" count="0"/>
        <line num="42" type="stmt" count="0"/>
        <line num="43" type="stmt" count="0"/>
        <line num="44" type="stmt" count="0"/>
        <line num="45" type="stmt" count="0"/>
        <line num="47" type="stmt" count="0"/>
        <line num="48" type="stmt" count="0"/>
        <line num="59" type="method" name="getApiGenDocumentation" crap="2" count="0"/>
        <line num="60" type="stmt" count="0"/>
        <line num="61" type="stmt" count="0"/>
        <line num="62" type="stmt" count="0"/>
        <line num="63" type="stmt" count="0"/>
        <line num="64" type="stmt" count="0"/>
        <line num="65" type="stmt" count="0"/>
        <line num="67" type="stmt" count="0"/>
        <line num="68" type="stmt" count="0"/>
        <line num="73" type="method" name="getBridgeInterface" crap="2" count="0"/>
        <line num="74" type="stmt" count="0"/>
        <line num="76" type="stmt" count="0"/>
        <line num="77" type="stmt" count="0"/>
        <line num="82" type="method" name="getVendorInterface" crap="2" count="0"/>
        <line num="83" type="stmt" count="0"/>
        <line num="85" type="stmt" count="0"/>
        <line num="86" type="stmt" count="0"/>
        <line num="93" type="method" name="setVendorInterface" crap="2" count="0"/>
        <line num="94" type="stmt" count="0"/>
        <line num="96" type="stmt" count="0"/>
        <line num="97" type="stmt" count="0"/>
        <line num="98" type="stmt" count="0"/>
        <line num="105" type="method" name="setBridgeInterface" crap="2" count="0"/>
        <line num="106" type="stmt" count="0"/>
        <line num="108" type="stmt" count="0"/>
        <line num="109" type="stmt" count="0"/>
        <metrics loc="110" ncloc="67" classes="1" methods="7" coveredmethods="0" conditionals="0" coveredconditionals="0" statements="32" coveredstatements="0" elements="39" coveredelements="0"/>
      </file>
    </package>
    <package name="MOC\V\Component\Documentation\Exception">
      <file name="W:\WebProject\MOC-Framework-Mark-V/Component/Documentation/Exception/DocumentationException.php">
        <class name="DocumentationException" namespace="MOC\V\Component\Documentation\Exception" fullPackage="MOC" package="MOC">
          <metrics methods="1" coveredmethods="1" conditionals="0" coveredconditionals="0" statements="2" coveredstatements="2" elements="3" coveredelements="3"/>
        </class>
        <line num="19" type="method" name="__construct" crap="1" count="7"/>
        <line num="22" type="stmt" count="7"/>
        <line num="23" type="stmt" count="7"/>
        <metrics loc="24" ncloc="14" classes="1" methods="1" coveredmethods="1" conditionals="0" coveredconditionals="0" statements="2" coveredstatements="2" elements="3" coveredelements="3"/>
      </file>
    </package>
    <package name="MOC\V\Component\Documentation\Vendor">
      <file name="W:\WebProject\MOC-Framework-Mark-V/Component/Documentation/Vendor/Vendor.php">
        <class name="Vendor" namespace="MOC\V\Component\Documentation\Vendor" fullPackage="MOC" package="MOC">
          <metrics methods="3" coveredmethods="3" conditionals="0" coveredconditionals="0" statements="5"
                   coveredstatements="5" elements="8" coveredelements="8"/>
        </class>
        <line num="21" type="method" name="__construct" crap="1" count="1"/>
        <line num="24" type="stmt" count="1"/>
        <line num="25" type="stmt" count="1"/>
        <line num="30" type="method" name="getBridgeInterface" crap="1" count="1"/>
        <line num="33" type="stmt" count="1"/>
        <line num="41" type="method" name="setBridgeInterface" crap="1" count="1"/>
        <line num="44" type="stmt" count="1"/>
        <line num="45" type="stmt" count="1"/>
        <metrics loc="47" ncloc="30" classes="1" methods="3" coveredmethods="3" conditionals="0" coveredconditionals="0"
                 statements="5" coveredstatements="5" elements="8" coveredelements="8"/>
      </file>
    </package>
    <package name="MOC\V\Component\Mail\Component\Bridge\Repository">
      <file name="W:\WebProject\MOC-Framework-Mark-V/Component/Mail/Component/Bridge/Repository/EdenPhpImap.php">
        <class name="EdenPhpImap" namespace="MOC\V\Component\Mail\Component\Bridge\Repository" fullPackage="MOC" package="MOC">
          <metrics methods="3" coveredmethods="1" conditionals="0" coveredconditionals="0" statements="23" coveredstatements="13" elements="26" coveredelements="14"/>
        </class>
        <line num="24" type="method" name="__construct" crap="1" count="1"/>
        <line num="27" type="stmt" count="1"/>
        <line num="28" type="stmt" count="1"/>
        <line num="30" type="stmt" count="1"/>
        <line num="31" type="stmt" count="1"/>
        <line num="32" type="stmt" count="1"/>
        <line num="34" type="stmt" count="1"/>
        <line num="35" type="stmt" count="1"/>
        <line num="36" type="stmt" count="1"/>
        <line num="38" type="stmt" count="1"/>
        <line num="39" type="stmt" count="1"/>
        <line num="40" type="stmt" count="1"/>
        <line num="42" type="stmt" count="1"/>
        <line num="43" type="stmt" count="1"/>
        <line num="56" type="method" name="connectServer" crap="6" count="0"/>
        <line num="60" type="stmt" count="0"/>
        <line num="61" type="stmt" count="0"/>
        <line num="62" type="stmt" count="0"/>
        <line num="63" type="stmt" count="0"/>
        <line num="65" type="stmt" count="0"/>
        <line num="72" type="method" name="disconnectServer" crap="6" count="0"/>
        <line num="76" type="stmt" count="0"/>
        <line num="77" type="stmt" count="0"/>
        <line num="78" type="stmt" count="0"/>
        <line num="79" type="stmt" count="0"/>
        <line num="81" type="stmt" count="0"/>
        <metrics loc="84" ncloc="60" classes="1" methods="3" coveredmethods="1" conditionals="0" coveredconditionals="0" statements="23" coveredstatements="13" elements="26" coveredelements="14"/>
      </file>
      <file name="W:\WebProject\MOC-Framework-Mark-V/Component/Mail/Component/Bridge/Repository/EdenPhpPop3.php">
        <class name="EdenPhpPop3" namespace="MOC\V\Component\Mail\Component\Bridge\Repository" fullPackage="MOC" package="MOC">
          <metrics methods="3" coveredmethods="1" conditionals="0" coveredconditionals="0" statements="22" coveredstatements="13" elements="25" coveredelements="14"/>
        </class>
        <line num="24" type="method" name="__construct" crap="1" count="1"/>
        <line num="27" type="stmt" count="1"/>
        <line num="28" type="stmt" count="1"/>
        <line num="30" type="stmt" count="1"/>
        <line num="31" type="stmt" count="1"/>
        <line num="32" type="stmt" count="1"/>
        <line num="34" type="stmt" count="1"/>
        <line num="35" type="stmt" count="1"/>
        <line num="36" type="stmt" count="1"/>
        <line num="38" type="stmt" count="1"/>
        <line num="39" type="stmt" count="1"/>
        <line num="40" type="stmt" count="1"/>
        <line num="42" type="stmt" count="1"/>
        <line num="43" type="stmt" count="1"/>
        <line num="56" type="method" name="connectServer" crap="6" count="0"/>
        <line num="60" type="stmt" count="0"/>
        <line num="61" type="stmt" count="0"/>
        <line num="62" type="stmt" count="0"/>
        <line num="63" type="stmt" count="0"/>
        <line num="65" type="stmt" count="0"/>
        <line num="72" type="method" name="disconnectServer" crap="6" count="0"/>
        <line num="76" type="stmt" count="0"/>
        <line num="77" type="stmt" count="0"/>
        <line num="78" type="stmt" count="0"/>
        <line num="80" type="stmt" count="0"/>
        <metrics loc="82" ncloc="58" classes="1" methods="3" coveredmethods="1" conditionals="0" coveredconditionals="0" statements="22" coveredstatements="13" elements="25" coveredelements="14"/>
      </file>
      <file name="W:\WebProject\MOC-Framework-Mark-V/Component/Mail/Component/Bridge/Repository/EdenPhpSmtp.php">
        <class name="EdenPhpSmtp" namespace="MOC\V\Component\Mail\Component\Bridge\Repository" fullPackage="MOC" package="MOC">
          <metrics methods="10" coveredmethods="1" conditionals="0" coveredconditionals="0" statements="52" coveredstatements="13" elements="62" coveredelements="14"/>
        </class>
        <line num="25" type="method" name="__construct" crap="1" count="2"/>
        <line num="28" type="stmt" count="2"/>
        <line num="29" type="stmt" count="2"/>
        <line num="31" type="stmt" count="2"/>
        <line num="32" type="stmt" count="2"/>
        <line num="33" type="stmt" count="2"/>
        <line num="35" type="stmt" count="2"/>
        <line num="36" type="stmt" count="2"/>
        <line num="37" type="stmt" count="2"/>
        <line num="39" type="stmt" count="2"/>
        <line num="40" type="stmt" count="2"/>
        <line num="41" type="stmt" count="2"/>
        <line num="43" type="stmt" count="2"/>
        <line num="44" type="stmt" count="2"/>
        <line num="57" type="method" name="connectServer" crap="6" count="0"/>
        <line num="61" type="stmt" count="0"/>
        <line num="62" type="stmt" count="0"/>
        <line num="63" type="stmt" count="0"/>
        <line num="64" type="stmt" count="0"/>
        <line num="66" type="stmt" count="0"/>
        <line num="73" type="method" name="disconnectServer" crap="6" count="0"/>
        <line num="77" type="stmt" count="0"/>
        <line num="78" type="stmt" count="0"/>
        <line num="79" type="stmt" count="0"/>
        <line num="80" type="stmt" count="0"/>
        <line num="82" type="stmt" count="0"/>
        <line num="89" type="method" name="sendMail" crap="6" count="0"/>
        <line num="93" type="stmt" count="0"/>
        <line num="94" type="stmt" count="0"/>
        <line num="95" type="stmt" count="0"/>
        <line num="97" type="stmt" count="0"/>
        <line num="106" type="method" name="setMailSubject" crap="6" count="0"/>
        <line num="110" type="stmt" count="0"/>
        <line num="111" type="stmt" count="0"/>
        <line num="112" type="stmt" count="0"/>
        <line num="114" type="stmt" count="0"/>
        <line num="124" type="method" name="setMailBody" crap="6" count="0"/>
        <line num="128" type="stmt" count="0"/>
        <line num="129" type="stmt" count="0"/>
        <line num="130" type="stmt" count="0"/>
        <line num="132" type="stmt" count="0"/>
        <line num="142" type="method" name="addRecipientTO" crap="6" count="0"/>
        <line num="146" type="stmt" count="0"/>
        <line num="147" type="stmt" count="0"/>
        <line num="148" type="stmt" count="0"/>
        <line num="150" type="stmt" count="0"/>
        <line num="160" type="method" name="addRecipientCC" crap="6" count="0"/>
        <line num="164" type="stmt" count="0"/>
        <line num="165" type="stmt" count="0"/>
        <line num="166" type="stmt" count="0"/>
        <line num="168" type="stmt" count="0"/>
        <line num="178" type="method" name="addRecipientBCC" crap="6" count="0"/>
        <line num="182" type="stmt" count="0"/>
        <line num="183" type="stmt" count="0"/>
        <line num="184" type="stmt" count="0"/>
        <line num="186" type="stmt" count="0"/>
        <line num="195" type="method" name="addAttachment" crap="6" count="0"/>
        <line num="199" type="stmt" count="0"/>
        <line num="200" type="stmt" count="0"/>
        <line num="201" type="stmt" count="0"/>
        <line num="202" type="stmt" count="0"/>
        <line num="204" type="stmt" count="0"/>
        <metrics loc="206" ncloc="138" classes="1" methods="10" coveredmethods="1" conditionals="0" coveredconditionals="0" statements="52" coveredstatements="13" elements="62" coveredelements="14"/>
      </file>
    </package>
    <package name="MOC\V\Component\Mail\Component\Exception">
      <file name="W:\WebProject\MOC-Framework-Mark-V/Component/Mail/Component/Exception/ComponentException.php">
        <class name="ComponentException" namespace="MOC\V\Component\Mail\Component\Exception" fullPackage="MOC" package="MOC">
          <metrics methods="1" coveredmethods="1" conditionals="0" coveredconditionals="0" statements="2" coveredstatements="2" elements="3" coveredelements="3"/>
        </class>
        <line num="19" type="method" name="__construct" crap="1" count="2"/>
        <line num="22" type="stmt" count="2"/>
        <line num="23" type="stmt" count="2"/>
        <metrics loc="24" ncloc="14" classes="1" methods="1" coveredmethods="1" conditionals="0" coveredconditionals="0" statements="2" coveredstatements="2" elements="3" coveredelements="3"/>
      </file>
    </package>
    <package name="MOC\V\Component\Mail\Component\Exception\Repository">
      <file
          name="W:\WebProject\MOC-Framework-Mark-V/Component/Mail/Component/Exception/Repository/EmptyFileException.php">
        <class name="EmptyFileException" namespace="MOC\V\Component\Mail\Component\Exception\Repository" fullPackage="MOC" package="MOC">
          <metrics methods="1" coveredmethods="1" conditionals="0" coveredconditionals="0" statements="3" coveredstatements="3" elements="4" coveredelements="4"/>
        </class>
        <line num="19" type="method" name="__construct" crap="1" count="1"/>
        <line num="22" type="stmt" count="1"/>
        <line num="24" type="stmt" count="1"/>
        <line num="25" type="stmt" count="1"/>
        <metrics loc="27" ncloc="17" classes="1" methods="1" coveredmethods="1" conditionals="0" coveredconditionals="0" statements="3" coveredstatements="3" elements="4" coveredelements="4"/>
      </file>
      <file
          name="W:\WebProject\MOC-Framework-Mark-V/Component/Mail/Component/Exception/Repository/TypeFileException.php">
        <class name="TypeFileException" namespace="MOC\V\Component\Mail\Component\Exception\Repository" fullPackage="MOC" package="MOC">
          <metrics methods="1" coveredmethods="1" conditionals="0" coveredconditionals="0" statements="2" coveredstatements="2" elements="3" coveredelements="3"/>
        </class>
        <line num="19" type="method" name="__construct" crap="1" count="1"/>
        <line num="22" type="stmt" count="1"/>
        <line num="23" type="stmt" count="1"/>
        <metrics loc="25" ncloc="15" classes="1" methods="1" coveredmethods="1" conditionals="0" coveredconditionals="0" statements="2" coveredstatements="2" elements="3" coveredelements="3"/>
      </file>
    </package>
    <package name="MOC\V\Component\Mail\Component\Parameter\Repository">
      <file name="W:\WebProject\MOC-Framework-Mark-V/Component/Mail/Component/Parameter/Repository/FileParameter.php">
        <class name="FileParameter" namespace="MOC\V\Component\Mail\Component\Parameter\Repository" fullPackage="MOC" package="MOC">
          <metrics methods="5" coveredmethods="5" conditionals="0" coveredconditionals="0" statements="12" coveredstatements="12" elements="17" coveredelements="17"/>
        </class>
        <line num="23" type="method" name="__construct" crap="1" count="1"/>
        <line num="26" type="stmt" count="1"/>
        <line num="27" type="stmt" count="1"/>
        <line num="32" type="method" name="getFileInfo" crap="1" count="1"/>
        <line num="35" type="stmt" count="1"/>
        <line num="41" type="method" name="getFile" crap="1" count="1"/>
        <line num="44" type="stmt" count="1"/>
        <line num="53" type="method" name="setFile" crap="3" count="1"/>
        <line num="56" type="stmt" count="1"/>
        <line num="57" type="stmt" count="1"/>
        <line num="59" type="stmt" count="1"/>
        <line num="60" type="stmt" count="1"/>
        <line num="61" type="stmt" count="1"/>
        <line num="62" type="stmt" count="1"/>
        <line num="65" type="stmt" count="1"/>
        <line num="70" type="method" name="__toString" crap="1" count="1"/>
        <line num="73" type="stmt" count="1"/>
        <metrics loc="75" ncloc="51" classes="1" methods="5" coveredmethods="5" conditionals="0" coveredconditionals="0" statements="12" coveredstatements="12" elements="17" coveredelements="17"/>
[...]
        <line num="19" type="stmt" count="1"/>
        <line num="21" type="stmt" count="1"/>
        <line num="22" type="stmt" count="1"/>
        <line num="23" type="stmt" count="1"/>
        <metrics loc="24" ncloc="23" classes="1" methods="1" coveredmethods="1" conditionals="0" coveredconditionals="0"
                 statements="7" coveredstatements="7" elements="8" coveredelements="8"/>
      </file>
    </package>
    <package name="MOC\V\TestSuite\Tests\Core\GlobalsKernel">
      <file name="W:\WebProject\MOC-Framework-Mark-V/TestSuite/Tests/Core/GlobalsKernel/BridgeTest.php">
        <class name="BridgeTest" namespace="MOC\V\TestSuite\Tests\Core\GlobalsKernel" fullPackage="MOC" package="MOC">
          <metrics methods="1" coveredmethods="1" conditionals="0" coveredconditionals="0" statements="10"
                   coveredstatements="10" elements="11" coveredelements="11"/>
        </class>
        <line num="15" type="method" name="testUniversalGlobals" crap="1" count="1"/>
        <line num="18" type="stmt" count="1"/>
        <line num="20" type="stmt" count="1"/>
        <line num="21" type="stmt" count="1"/>
        <line num="22" type="stmt" count="1"/>
        <line num="23" type="stmt" count="1"/>
        <line num="24" type="stmt" count="1"/>
        <line num="25" type="stmt" count="1"/>
        <line num="26" type="stmt" count="1"/>
        <line num="27" type="stmt" count="1"/>
        <line num="28" type="stmt" count="1"/>
        <metrics loc="29" ncloc="24" classes="1" methods="1" coveredmethods="1" conditionals="0" coveredconditionals="0"
                 statements="10" coveredstatements="10" elements="11" coveredelements="11"/>
      </file>
      <file name="W:\WebProject\MOC-Framework-Mark-V/TestSuite/Tests/Core/GlobalsKernel/ExceptionTest.php">
        <class name="ExceptionTest" namespace="MOC\V\TestSuite\Tests\Core\GlobalsKernel" fullPackage="MOC"
               package="MOC">
          <metrics methods="1" coveredmethods="1" conditionals="0" coveredconditionals="0" statements="7"
                   coveredstatements="7" elements="8" coveredelements="8"/>
        </class>
        <line num="16" type="method" name="testGlobalsKernelException" crap="3" count="1"/>
        <line num="20" type="stmt" count="1"/>
        <line num="21" type="stmt" count="1"/>
        <line num="22" type="stmt" count="1"/>
        <line num="26" type="stmt" count="1"/>
        <line num="27" type="stmt" count="1"/>
        <line num="28" type="stmt" count="1"/>
        <line num="31" type="stmt" count="1"/>
        <metrics loc="33" ncloc="28" classes="1" methods="1" coveredmethods="1" conditionals="0" coveredconditionals="0"
                 statements="7" coveredstatements="7" elements="8" coveredelements="8"/>
      </file>
      <file name="W:\WebProject\MOC-Framework-Mark-V/TestSuite/Tests/Core/GlobalsKernel/ModuleTest.php">
        <class name="ModuleTest" namespace="MOC\V\TestSuite\Tests\Core\GlobalsKernel" fullPackage="MOC" package="MOC">
          <metrics methods="3" coveredmethods="3" conditionals="0" coveredconditionals="0" statements="19"
                   coveredstatements="19" elements="22" coveredelements="22"/>
        </class>
        <line num="16" type="method" name="testModule" crap="1" count="1"/>
        <line num="20" type="stmt" count="1"/>
        <line num="21" type="stmt" count="1"/>
        <line num="22" type="stmt" count="1"/>
        <line num="24" type="stmt" count="1"/>
        <line num="25" type="stmt" count="1"/>
        <line num="26" type="stmt" count="1"/>
        <line num="27" type="stmt" count="1"/>
        <line num="28" type="stmt" count="1"/>
        <line num="29" type="stmt" count="1"/>
        <line num="30" type="stmt" count="1"/>
        <line num="31" type="stmt" count="1"/>
        <line num="32" type="stmt" count="1"/>
        <line num="33" type="stmt" count="1"/>
        <line num="35" type="method" name="testStaticUniversalGlobals" crap="1" count="1"/>
        <line num="38" type="stmt" count="1"/>
        <line num="39" type="stmt" count="1"/>
        <line num="40" type="stmt" count="1"/>
        <line num="42" type="method" name="testStaticGlobals" crap="1" count="1"/>
        <line num="45" type="stmt" count="1"/>
        <line num="46" type="stmt" count="1"/>
        <line num="47" type="stmt" count="1"/>
        <metrics loc="49" ncloc="43" classes="1" methods="3" coveredmethods="3" conditionals="0" coveredconditionals="0"
                 statements="19" coveredstatements="19" elements="22" coveredelements="22"/>
      </file>
      <file name="W:\WebProject\MOC-Framework-Mark-V/TestSuite/Tests/Core/GlobalsKernel/ParameterTest.php">
        <class name="ParameterTest" namespace="MOC\V\TestSuite\Tests\Core\GlobalsKernel" fullPackage="MOC"
               package="MOC">
          <metrics methods="1" coveredmethods="1" conditionals="0" coveredconditionals="0" statements="4"
                   coveredstatements="4" elements="5" coveredelements="5"/>
        </class>
        <line num="14" type="method" name="testAbstractParameter" crap="1" count="1"/>
        <line num="18" type="stmt" count="1"/>
        <line num="20" type="stmt" count="1"/>
        <line num="21" type="stmt" count="1"/>
        <line num="23" type="stmt" count="1"/>
        <metrics loc="24" ncloc="18" classes="1" methods="1" coveredmethods="1" conditionals="0" coveredconditionals="0"
                 statements="4" coveredstatements="4" elements="5" coveredelements="5"/>
      </file>
      <file name="W:\WebProject\MOC-Framework-Mark-V/TestSuite/Tests/Core/GlobalsKernel/VendorTest.php">
        <class name="VendorTest" namespace="MOC\V\TestSuite\Tests\Core\GlobalsKernel" fullPackage="MOC" package="MOC">
          <metrics methods="1" coveredmethods="1" conditionals="0" coveredconditionals="0" statements="7"
                   coveredstatements="7" elements="8" coveredelements="8"/>
        </class>
        <line num="15" type="method" name="testVendor" crap="1" count="1"/>
        <line num="19" type="stmt" count="1"/>
        <line num="21" type="stmt" count="1"/>
        <line num="23" type="stmt" count="1"/>
        <line num="24" type="stmt" count="1"/>
        <line num="26" type="stmt" count="1"/>
        <line num="27" type="stmt" count="1"/>
        <line num="28" type="stmt" count="1"/>
        <metrics loc="29" ncloc="23" classes="1" methods="1" coveredmethods="1" conditionals="0" coveredconditionals="0"
                 statements="7" coveredstatements="7" elements="8" coveredelements="8"/>
      </file>
    </package>
    <package name="MOC\V\TestSuite\Tests\Core\HttpKernel">
      <file name="W:\WebProject\MOC-Framework-Mark-V/TestSuite/Tests/Core/HttpKernel/BridgeTest.php">
        <class name="BridgeTest" namespace="MOC\V\TestSuite\Tests\Core\HttpKernel" fullPackage="MOC" package="MOC">
          <metrics methods="1" coveredmethods="1" conditionals="0" coveredconditionals="0" statements="10" coveredstatements="10" elements="11" coveredelements="11"/>
        </class>
        <line num="15" type="method" name="testUniversalRequest" crap="1" count="1"/>
        <line num="18" type="stmt" count="1"/>
        <line num="20" type="stmt" count="1"/>
        <line num="21" type="stmt" count="1"/>
        <line num="22" type="stmt" count="1"/>
        <line num="23" type="stmt" count="1"/>
        <line num="25" type="stmt" count="1"/>
        <line num="26" type="stmt" count="1"/>
        <line num="27" type="stmt" count="1"/>
        <line num="28" type="stmt" count="1"/>
        <line num="29" type="stmt" count="1"/>
        <metrics loc="31" ncloc="26" classes="1" methods="1" coveredmethods="1" conditionals="0" coveredconditionals="0"
                 statements="10" coveredstatements="10" elements="11" coveredelements="11"/>
      </file>
      <file name="W:\WebProject\MOC-Framework-Mark-V/TestSuite/Tests/Core/HttpKernel/ExceptionTest.php">
        <class name="ExceptionTest" namespace="MOC\V\TestSuite\Tests\Core\HttpKernel" fullPackage="MOC" package="MOC">
          <metrics methods="1" coveredmethods="1" conditionals="0" coveredconditionals="0" statements="7" coveredstatements="7" elements="8" coveredelements="8"/>
        </class>
        <line num="16" type="method" name="testHttpKernelException" crap="3" count="1"/>
        <line num="20" type="stmt" count="1"/>
        <line num="21" type="stmt" count="1"/>
        <line num="22" type="stmt" count="1"/>
        <line num="26" type="stmt" count="1"/>
        <line num="27" type="stmt" count="1"/>
        <line num="28" type="stmt" count="1"/>
        <line num="31" type="stmt" count="1"/>
        <metrics loc="33" ncloc="28" classes="1" methods="1" coveredmethods="1" conditionals="0" coveredconditionals="0"
                 statements="7" coveredstatements="7" elements="8" coveredelements="8"/>
      </file>
      <file name="W:\WebProject\MOC-Framework-Mark-V/TestSuite/Tests/Core/HttpKernel/ModuleTest.php">
        <class name="ModuleTest" namespace="MOC\V\TestSuite\Tests\Core\HttpKernel" fullPackage="MOC" package="MOC">
          <metrics methods="3" coveredmethods="3" conditionals="0" coveredconditionals="0" statements="19" coveredstatements="19" elements="22" coveredelements="22"/>
        </class>
        <line num="16" type="method" name="testModule" crap="1" count="1"/>
        <line num="20" type="stmt" count="1"/>
        <line num="21" type="stmt" count="1"/>
        <line num="22" type="stmt" count="1"/>
        <line num="24" type="stmt" count="1"/>
        <line num="25" type="stmt" count="1"/>
        <line num="26" type="stmt" count="1"/>
        <line num="27" type="stmt" count="1"/>
        <line num="28" type="stmt" count="1"/>
        <line num="29" type="stmt" count="1"/>
        <line num="30" type="stmt" count="1"/>
        <line num="31" type="stmt" count="1"/>
        <line num="32" type="stmt" count="1"/>
        <line num="33" type="stmt" count="1"/>
        <line num="35" type="method" name="testStaticUniversalRequest" crap="1" count="1"/>
        <line num="38" type="stmt" count="1"/>
        <line num="39" type="stmt" count="1"/>
        <line num="40" type="stmt" count="1"/>
        <line num="42" type="method" name="testStaticRequest" crap="1" count="1"/>
        <line num="45" type="stmt" count="1"/>
        <line num="46" type="stmt" count="1"/>
        <line num="47" type="stmt" count="1"/>
        <metrics loc="49" ncloc="43" classes="1" methods="3" coveredmethods="3" conditionals="0" coveredconditionals="0"
                 statements="19" coveredstatements="19" elements="22" coveredelements="22"/>
      </file>
      <file name="W:\WebProject\MOC-Framework-Mark-V/TestSuite/Tests/Core/HttpKernel/ParameterTest.php">
        <class name="ParameterTest" namespace="MOC\V\TestSuite\Tests\Core\HttpKernel" fullPackage="MOC" package="MOC">
          <metrics methods="1" coveredmethods="1" conditionals="0" coveredconditionals="0" statements="4" coveredstatements="4" elements="5" coveredelements="5"/>
        </class>
        <line num="14" type="method" name="testAbstractParameter" crap="1" count="1"/>
        <line num="18" type="stmt" count="1"/>
        <line num="20" type="stmt" count="1"/>
        <line num="21" type="stmt" count="1"/>
        <line num="23" type="stmt" count="1"/>
        <metrics loc="24" ncloc="18" classes="1" methods="1" coveredmethods="1" conditionals="0" coveredconditionals="0"
                 statements="4" coveredstatements="4" elements="5" coveredelements="5"/>
      </file>
      <file name="W:\WebProject\MOC-Framework-Mark-V/TestSuite/Tests/Core/HttpKernel/VendorTest.php">
        <class name="VendorTest" namespace="MOC\V\TestSuite\Tests\Core\HttpKernel" fullPackage="MOC" package="MOC">
          <metrics methods="1" coveredmethods="1" conditionals="0" coveredconditionals="0" statements="7" coveredstatements="7" elements="8" coveredelements="8"/>
        </class>
        <line num="15" type="method" name="testVendor" crap="1" count="1"/>
        <line num="19" type="stmt" count="1"/>
        <line num="21" type="stmt" count="1"/>
        <line num="23" type="stmt" count="1"/>
        <line num="24" type="stmt" count="1"/>
        <line num="26" type="stmt" count="1"/>
        <line num="27" type="stmt" count="1"/>
        <line num="28" type="stmt" count="1"/>
        <metrics loc="29" ncloc="23" classes="1" methods="1" coveredmethods="1" conditionals="0" coveredconditionals="0"
                 statements="7" coveredstatements="7" elements="8" coveredelements="8"/>
      </file>
    </package>
    <package name="MOC\V\TestSuite\Tests\Core\SecureKernel">
      <file name="W:\WebProject\MOC-Framework-Mark-V/TestSuite/Tests/Core/SecureKernel/BridgeTest.php">
        <class name="BridgeTest" namespace="MOC\V\TestSuite\Tests\Core\SecureKernel" fullPackage="MOC" package="MOC">
          <metrics methods="1" coveredmethods="0" conditionals="0" coveredconditionals="0" statements="31"
                   coveredstatements="27" elements="32" coveredelements="27"/>
        </class>
        <line num="18" type="method" name="testSFTP" crap="9.17" count="1"/>
        <line num="21" type="stmt" count="1"/>
        <line num="23" type="stmt" count="1"/>
        <line num="25" type="stmt" count="1"/>
        <line num="26" type="stmt" count="1"/>
        <line num="27" type="stmt" count="1"/>
        <line num="30" type="stmt" count="1"/>
        <line num="31" type="stmt" count="1"/>
        <line num="32" type="stmt" count="1"/>
        <line num="34" type="stmt" count="1"/>
        <line num="36" type="stmt" count="1"/>
        <line num="38" type="stmt" count="1"/>
        <line num="39" type="stmt" count="1"/>
        <line num="40" type="stmt" count="1"/>
        <line num="41" type="stmt" count="0"/>
        <line num="42" type="stmt" count="0"/>
        <line num="43" type="stmt" count="1"/>
        <line num="45" type="stmt" count="1"/>
        <line num="46" type="stmt" count="1"/>
        <line num="47" type="stmt" count="1"/>
        <line num="49" type="stmt" count="1"/>
        <line num="51" type="stmt" count="1"/>
        <line num="53" type="stmt" count="1"/>
        <line num="54" type="stmt" count="1"/>
        <line num="55" type="stmt" count="1"/>
        <line num="56" type="stmt" count="0"/>
        <line num="57" type="stmt" count="0"/>
        <line num="60" type="stmt" count="1"/>
        <line num="61" type="stmt" count="1"/>
        <line num="62" type="stmt" count="1"/>
        <line num="64" type="stmt" count="1"/>
        <line num="65" type="stmt" count="1"/>
        <metrics loc="66" ncloc="58" classes="1" methods="1" coveredmethods="0" conditionals="0" coveredconditionals="0"
                 statements="31" coveredstatements="27" elements="32" coveredelements="27"/>
      </file>
      <file name="W:\WebProject\MOC-Framework-Mark-V/TestSuite/Tests/Core/SecureKernel/ExceptionTest.php">
        <class name="ExceptionTest" namespace="MOC\V\TestSuite\Tests\Core\SecureKernel" fullPackage="MOC" package="MOC">
          <metrics methods="1" coveredmethods="1" conditionals="0" coveredconditionals="0" statements="7"
                   coveredstatements="7" elements="8" coveredelements="8"/>
        </class>
        <line num="16" type="method" name="testSecureKernelException" crap="3" count="1"/>
        <line num="20" type="stmt" count="1"/>
        <line num="21" type="stmt" count="1"/>
        <line num="22" type="stmt" count="1"/>
        <line num="26" type="stmt" count="1"/>
        <line num="27" type="stmt" count="1"/>
        <line num="28" type="stmt" count="1"/>
        <line num="31" type="stmt" count="1"/>
        <metrics loc="33" ncloc="28" classes="1" methods="1" coveredmethods="1" conditionals="0" coveredconditionals="0"
                 statements="7" coveredstatements="7" elements="8" coveredelements="8"/>
      </file>
      <file name="W:\WebProject\MOC-Framework-Mark-V/TestSuite/Tests/Core/SecureKernel/ModuleTest.php">
        <class name="ModuleTest" namespace="MOC\V\TestSuite\Tests\Core\SecureKernel" fullPackage="MOC" package="MOC">
          <metrics methods="3" coveredmethods="3" conditionals="0" coveredconditionals="0" statements="19"
                   coveredstatements="19" elements="22" coveredelements="22"/>
        </class>
        <line num="16" type="method" name="testModule" crap="1" count="1"/>
        <line num="20" type="stmt" count="1"/>
        <line num="21" type="stmt" count="1"/>
        <line num="22" type="stmt" count="1"/>
        <line num="24" type="stmt" count="1"/>
        <line num="25" type="stmt" count="1"/>
        <line num="26" type="stmt" count="1"/>
        <line num="27" type="stmt" count="1"/>
        <line num="28" type="stmt" count="1"/>
        <line num="29" type="stmt" count="1"/>
        <line num="30" type="stmt" count="1"/>
        <line num="31" type="stmt" count="1"/>
        <line num="32" type="stmt" count="1"/>
        <line num="33" type="stmt" count="1"/>
        <line num="35" type="method" name="testStaticPhpSecLibSFTP" crap="1" count="1"/>
        <line num="38" type="stmt" count="1"/>
        <line num="39" type="stmt" count="1"/>
        <line num="40" type="stmt" count="1"/>
        <line num="42" type="method" name="testStaticSFTP" crap="1" count="1"/>
        <line num="45" type="stmt" count="1"/>
        <line num="46" type="stmt" count="1"/>
        <line num="47" type="stmt" count="1"/>
        <metrics loc="49" ncloc="43" classes="1" methods="3" coveredmethods="3" conditionals="0" coveredconditionals="0"
                 statements="19" coveredstatements="19" elements="22" coveredelements="22"/>
      </file>
      <file name="W:\WebProject\MOC-Framework-Mark-V/TestSuite/Tests/Core/SecureKernel/ParameterTest.php">
        <class name="ParameterTest" namespace="MOC\V\TestSuite\Tests\Core\SecureKernel" fullPackage="MOC" package="MOC">
          <metrics methods="1" coveredmethods="1" conditionals="0" coveredconditionals="0" statements="4"
                   coveredstatements="4" elements="5" coveredelements="5"/>
        </class>
        <line num="14" type="method" name="testAbstractParameter" crap="1" count="1"/>
        <line num="18" type="stmt" count="1"/>
        <line num="20" type="stmt" count="1"/>
        <line num="21" type="stmt" count="1"/>
        <line num="23" type="stmt" count="1"/>
        <metrics loc="24" ncloc="18" classes="1" methods="1" coveredmethods="1" conditionals="0" coveredconditionals="0"
                 statements="4" coveredstatements="4" elements="5" coveredelements="5"/>
      </file>
      <file name="W:\WebProject\MOC-Framework-Mark-V/TestSuite/Tests/Core/SecureKernel/VendorTest.php">
        <class name="VendorTest" namespace="MOC\V\TestSuite\Tests\Core\SecureKernel" fullPackage="MOC" package="MOC">
          <metrics methods="1" coveredmethods="1" conditionals="0" coveredconditionals="0" statements="7"
                   coveredstatements="7" elements="8" coveredelements="8"/>
        </class>
        <line num="15" type="method" name="testVendor" crap="1" count="1"/>
        <line num="19" type="stmt" count="1"/>
        <line num="21" type="stmt" count="1"/>
        <line num="23" type="stmt" count="1"/>
        <line num="24" type="stmt" count="1"/>
        <line num="26" type="stmt" count="1"/>
        <line num="27" type="stmt" count="1"/>
        <line num="28" type="stmt" count="1"/>
        <metrics loc="29" ncloc="23" classes="1" methods="1" coveredmethods="1" conditionals="0" coveredconditionals="0"
                 statements="7" coveredstatements="7" elements="8" coveredelements="8"/>
      </file>
    </package>
    <metrics files="185" loc="11300" ncloc="8042" classes="185" methods="550" coveredmethods="485" conditionals="0"
             coveredconditionals="0" statements="2685" coveredstatements="2368" elements="3235" coveredelements="2853"/>
  </project>
</coverage>
